<?xml version="1.0" encoding="UTF-8"?>
<testsuite name="com.kakaoix.store.order.OrderControllerTest" tests="7" skipped="0" failures="0" errors="0" timestamp="2018-09-02T11:00:32" hostname="namchae" time="0.238">
  <properties/>
  <testcase name="잘못된_주문번호_조회요청" classname="com.kakaoix.store.order.OrderControllerTest" time="0.033"/>
  <testcase name="회원번호기준_주문조회" classname="com.kakaoix.store.order.OrderControllerTest" time="0.084"/>
  <testcase name="주문번호_조회요청" classname="com.kakaoix.store.order.OrderControllerTest" time="0.016"/>
  <testcase name="주문요청_재고초과" classname="com.kakaoix.store.order.OrderControllerTest" time="0.044"/>
  <testcase name="취소된_주문건_취소요청" classname="com.kakaoix.store.order.OrderControllerTest" time="0.014"/>
  <testcase name="주문요청" classname="com.kakaoix.store.order.OrderControllerTest" time="0.026"/>
  <testcase name="취소요청" classname="com.kakaoix.store.order.OrderControllerTest" time="0.015"/>
  <system-out><![CDATA[2018-09-02 20:00:32.685  INFO 27909 --- [    Test worker] .b.t.c.SpringBootTestContextBootstrapper : Neither @ContextConfiguration nor @ContextHierarchy found for test class [com.kakaoix.store.order.OrderControllerTest], using SpringBootContextLoader
2018-09-02 20:00:32.685  INFO 27909 --- [    Test worker] o.s.t.c.support.AbstractContextLoader    : Could not detect default resource locations for test class [com.kakaoix.store.order.OrderControllerTest]: no resource found for suffixes {-context.xml, Context.groovy}.
2018-09-02 20:00:32.685  INFO 27909 --- [    Test worker] t.c.s.AnnotationConfigContextLoaderUtils : Could not detect default configuration classes for test class [com.kakaoix.store.order.OrderControllerTest]: OrderControllerTest does not declare any static, non-private, non-final, nested classes annotated with @Configuration.
2018-09-02 20:00:32.693  INFO 27909 --- [    Test worker] .b.t.c.SpringBootTestContextBootstrapper : Found @SpringBootConfiguration com.kakaoix.store.IxOrderApplication for test class com.kakaoix.store.order.OrderControllerTest
2018-09-02 20:00:32.695  INFO 27909 --- [    Test worker] .b.t.c.SpringBootTestContextBootstrapper : Loaded default TestExecutionListener class names from location [META-INF/spring.factories]: [org.springframework.security.test.context.support.WithSecurityContextTestExecutionListener, org.springframework.security.test.context.support.ReactorContextTestExecutionListener, org.springframework.boot.test.autoconfigure.restdocs.RestDocsTestExecutionListener, org.springframework.boot.test.autoconfigure.web.client.MockRestServiceServerResetTestExecutionListener, org.springframework.boot.test.autoconfigure.web.servlet.MockMvcPrintOnlyOnFailureTestExecutionListener, org.springframework.boot.test.autoconfigure.web.servlet.WebDriverTestExecutionListener, org.springframework.boot.test.mock.mockito.MockitoTestExecutionListener, org.springframework.boot.test.mock.mockito.ResetMocksTestExecutionListener, org.springframework.test.context.web.ServletTestExecutionListener, org.springframework.test.context.support.DirtiesContextBeforeModesTestExecutionListener, org.springframework.test.context.support.DependencyInjectionTestExecutionListener, org.springframework.test.context.support.DirtiesContextTestExecutionListener, org.springframework.test.context.transaction.TransactionalTestExecutionListener, org.springframework.test.context.jdbc.SqlScriptsTestExecutionListener]
2018-09-02 20:00:32.695  INFO 27909 --- [    Test worker] .b.t.c.SpringBootTestContextBootstrapper : Using TestExecutionListeners: [org.springframework.test.context.web.ServletTestExecutionListener@7d5da7c2, org.springframework.test.context.support.DirtiesContextBeforeModesTestExecutionListener@5b927d3b, org.springframework.boot.test.mock.mockito.MockitoTestExecutionListener@4d3dd00d, org.springframework.boot.test.autoconfigure.SpringBootDependencyInjectionTestExecutionListener@1a8179d, org.springframework.test.context.support.DirtiesContextTestExecutionListener@115bc3dd, org.springframework.test.context.transaction.TransactionalTestExecutionListener@59680f68, org.springframework.test.context.jdbc.SqlScriptsTestExecutionListener@7af611f0, org.springframework.security.test.context.support.WithSecurityContextTestExecutionListener@3ba3e5cc, org.springframework.security.test.context.support.ReactorContextTestExecutionListener@74a99c4e, org.springframework.boot.test.autoconfigure.restdocs.RestDocsTestExecutionListener@6d23defc, org.springframework.boot.test.autoconfigure.web.client.MockRestServiceServerResetTestExecutionListener@27103b39, org.springframework.boot.test.autoconfigure.web.servlet.MockMvcPrintOnlyOnFailureTestExecutionListener@3393792, org.springframework.boot.test.autoconfigure.web.servlet.WebDriverTestExecutionListener@3bca8057, org.springframework.boot.test.mock.mockito.ResetMocksTestExecutionListener@486d6dec]
2018-09-02 20:00:32.707  INFO 27909 --- [    Test worker] o.s.t.c.transaction.TransactionContext   : Began transaction (1) for test context [DefaultTestContext@5b482b47 testClass = OrderControllerTest, testInstance = com.kakaoix.store.order.OrderControllerTest@4494b6c3, testMethod = 잘못된_주문번호_조회요청@OrderControllerTest, testException = [null], mergedContextConfiguration = [WebMergedContextConfiguration@70f6db46 testClass = OrderControllerTest, locations = '{}', classes = '{class com.kakaoix.store.IxOrderApplication}', contextInitializerClasses = '[]', activeProfiles = '{}', propertySourceLocations = '{}', propertySourceProperties = '{org.springframework.boot.test.context.SpringBootTestContextBootstrapper=true}', contextCustomizers = set[org.springframework.boot.test.autoconfigure.properties.PropertyMappingContextCustomizer@0, org.springframework.boot.test.autoconfigure.web.servlet.WebDriverContextCustomizerFactory$Customizer@78ef17aa, org.springframework.boot.test.context.filter.ExcludeFilterContextCustomizer@dafe75c, org.springframework.boot.test.json.DuplicateJsonObjectContextCustomizerFactory$DuplicateJsonObjectContextCustomizer@1c4e9ddb, org.springframework.boot.test.mock.mockito.MockitoContextCustomizer@0, org.springframework.boot.test.web.client.TestRestTemplateContextCustomizer@60ae10dc], resourceBasePath = 'src/main/webapp', contextLoader = 'org.springframework.boot.test.context.SpringBootContextLoader', parent = [null]], attributes = map['org.springframework.test.context.web.ServletTestExecutionListener.activateListener' -> true, 'org.springframework.test.context.web.ServletTestExecutionListener.populatedRequestContextHolder' -> true, 'org.springframework.test.context.web.ServletTestExecutionListener.resetRequestContextHolder' -> true]]; transaction manager [org.springframework.orm.jpa.JpaTransactionManager@367994a9]; rollback [true]
2018-09-02 20:00:32.708  INFO 27909 --- [    Test worker] o.s.b.t.m.w.SpringBootMockServletContext : Initializing Spring FrameworkServlet ''
2018-09-02 20:00:32.708  INFO 27909 --- [    Test worker] o.s.t.web.servlet.TestDispatcherServlet  : FrameworkServlet '': initialization started
2018-09-02 20:00:32.713  INFO 27909 --- [    Test worker] o.s.t.web.servlet.TestDispatcherServlet  : FrameworkServlet '': initialization completed in 5 ms
Hibernate: select member0_.member_id as member_i1_0_0_, member0_.created_at as created_2_0_0_, member0_.email as email3_0_0_, member0_.joined as joined4_0_0_, member0_.nick_name as nick_nam5_0_0_, member0_.password_failed_count as password6_0_0_, member0_.password as password7_0_0_, member0_.update_at as update_a8_0_0_ from member member0_ where member0_.member_id=?
Hibernate: select order0_.order_id as order_id1_2_0_, order0_.address1 as address2_2_0_, order0_.address2 as address3_2_0_, order0_.zip as zip4_2_0_, order0_.buyer as buyer5_2_0_, order0_.cancel_date as cancel_d6_2_0_, order0_.created_at as created_7_2_0_, order0_.member_id as member_i8_2_0_, order0_.order_date as order_da9_2_0_, order0_.order_status as order_s10_2_0_, order0_.update_at as update_11_2_0_ from orders order0_ where order0_.order_id=?
2018-09-02 20:00:32.728 ERROR 27909 --- [    Test worker] c.k.s.exception.EndPointExceptionAdvice  : 10is not found

com.kakaoix.store.order.exception.OrderNotFoundException: 10is not found
	at com.kakaoix.store.order.OrderService.findByOrderId(OrderService.java:39) ~[main/:na]
	at com.kakaoix.store.order.OrderService.findOrderResponseById(OrderService.java:26) ~[main/:na]
	at com.kakaoix.store.order.OrderService$$FastClassBySpringCGLIB$$7a90687d.invoke(<generated>) ~[main/:na]
	at org.springframework.cglib.proxy.MethodProxy.invoke(MethodProxy.java:204) ~[spring-core-5.0.8.RELEASE.jar:5.0.8.RELEASE]
	at org.springframework.aop.framework.CglibAopProxy$DynamicAdvisedInterceptor.intercept(CglibAopProxy.java:684) ~[spring-aop-5.0.8.RELEASE.jar:5.0.8.RELEASE]
	at com.kakaoix.store.order.OrderService$$EnhancerBySpringCGLIB$$20c1776e.findOrderResponseById(<generated>) ~[main/:na]
	at com.kakaoix.store.order.OrderController.findById(OrderController.java:50) ~[main/:na]
	at sun.reflect.NativeMethodAccessorImpl.invoke0(Native Method) ~[na:1.8.0_171]
	at sun.reflect.NativeMethodAccessorImpl.invoke(NativeMethodAccessorImpl.java:62) ~[na:1.8.0_171]
	at sun.reflect.DelegatingMethodAccessorImpl.invoke(DelegatingMethodAccessorImpl.java:43) ~[na:1.8.0_171]
	at java.lang.reflect.Method.invoke(Method.java:498) ~[na:1.8.0_171]
	at org.springframework.web.method.support.InvocableHandlerMethod.doInvoke(InvocableHandlerMethod.java:209) ~[spring-web-5.0.8.RELEASE.jar:5.0.8.RELEASE]
	at org.springframework.web.method.support.InvocableHandlerMethod.invokeForRequest(InvocableHandlerMethod.java:136) ~[spring-web-5.0.8.RELEASE.jar:5.0.8.RELEASE]
	at org.springframework.web.servlet.mvc.method.annotation.ServletInvocableHandlerMethod.invokeAndHandle(ServletInvocableHandlerMethod.java:102) ~[spring-webmvc-5.0.8.RELEASE.jar:5.0.8.RELEASE]
	at org.springframework.web.servlet.mvc.method.annotation.RequestMappingHandlerAdapter.invokeHandlerMethod(RequestMappingHandlerAdapter.java:877) ~[spring-webmvc-5.0.8.RELEASE.jar:5.0.8.RELEASE]
	at org.springframework.web.servlet.mvc.method.annotation.RequestMappingHandlerAdapter.handleInternal(RequestMappingHandlerAdapter.java:783) ~[spring-webmvc-5.0.8.RELEASE.jar:5.0.8.RELEASE]
	at org.springframework.web.servlet.mvc.method.AbstractHandlerMethodAdapter.handle(AbstractHandlerMethodAdapter.java:87) ~[spring-webmvc-5.0.8.RELEASE.jar:5.0.8.RELEASE]
	at org.springframework.web.servlet.DispatcherServlet.doDispatch(DispatcherServlet.java:991) ~[spring-webmvc-5.0.8.RELEASE.jar:5.0.8.RELEASE]
	at org.springframework.web.servlet.DispatcherServlet.doService(DispatcherServlet.java:925) ~[spring-webmvc-5.0.8.RELEASE.jar:5.0.8.RELEASE]
	at org.springframework.web.servlet.FrameworkServlet.processRequest(FrameworkServlet.java:974) [spring-webmvc-5.0.8.RELEASE.jar:5.0.8.RELEASE]
	at org.springframework.web.servlet.FrameworkServlet.doGet(FrameworkServlet.java:866) [spring-webmvc-5.0.8.RELEASE.jar:5.0.8.RELEASE]
	at javax.servlet.http.HttpServlet.service(HttpServlet.java:635) ~[tomcat-embed-core-8.5.32.jar:8.5.32]
	at org.springframework.web.servlet.FrameworkServlet.service(FrameworkServlet.java:851) [spring-webmvc-5.0.8.RELEASE.jar:5.0.8.RELEASE]
	at org.springframework.test.web.servlet.TestDispatcherServlet.service(TestDispatcherServlet.java:71) [spring-test-5.0.8.RELEASE.jar:5.0.8.RELEASE]
	at javax.servlet.http.HttpServlet.service(HttpServlet.java:742) ~[tomcat-embed-core-8.5.32.jar:8.5.32]
	at org.springframework.mock.web.MockFilterChain$ServletFilterProxy.doFilter(MockFilterChain.java:166) [spring-test-5.0.8.RELEASE.jar:5.0.8.RELEASE]
	at org.springframework.mock.web.MockFilterChain.doFilter(MockFilterChain.java:133) [spring-test-5.0.8.RELEASE.jar:5.0.8.RELEASE]
	at org.springframework.test.web.servlet.MockMvc.perform(MockMvc.java:165) [spring-test-5.0.8.RELEASE.jar:5.0.8.RELEASE]
	at com.kakaoix.store.order.OrderControllerTest.잘못된_주문번호_조회요청(OrderControllerTest.java:90) [test/:na]
	at sun.reflect.NativeMethodAccessorImpl.invoke0(Native Method) ~[na:1.8.0_171]
	at sun.reflect.NativeMethodAccessorImpl.invoke(NativeMethodAccessorImpl.java:62) ~[na:1.8.0_171]
	at sun.reflect.DelegatingMethodAccessorImpl.invoke(DelegatingMethodAccessorImpl.java:43) ~[na:1.8.0_171]
	at java.lang.reflect.Method.invoke(Method.java:498) ~[na:1.8.0_171]
	at org.junit.runners.model.FrameworkMethod$1.runReflectiveCall(FrameworkMethod.java:50) [junit-4.12.jar:4.12]
	at org.junit.internal.runners.model.ReflectiveCallable.run(ReflectiveCallable.java:12) [junit-4.12.jar:4.12]
	at org.junit.runners.model.FrameworkMethod.invokeExplosively(FrameworkMethod.java:47) [junit-4.12.jar:4.12]
	at org.junit.internal.runners.statements.InvokeMethod.evaluate(InvokeMethod.java:17) [junit-4.12.jar:4.12]
	at org.springframework.test.context.junit4.statements.RunBeforeTestExecutionCallbacks.evaluate(RunBeforeTestExecutionCallbacks.java:73) [spring-test-5.0.8.RELEASE.jar:5.0.8.RELEASE]
	at org.springframework.test.context.junit4.statements.RunAfterTestExecutionCallbacks.evaluate(RunAfterTestExecutionCallbacks.java:83) [spring-test-5.0.8.RELEASE.jar:5.0.8.RELEASE]
	at org.junit.internal.runners.statements.RunBefores.evaluate(RunBefores.java:26) [junit-4.12.jar:4.12]
	at org.springframework.test.context.junit4.statements.RunBeforeTestMethodCallbacks.evaluate(RunBeforeTestMethodCallbacks.java:75) [spring-test-5.0.8.RELEASE.jar:5.0.8.RELEASE]
	at org.springframework.test.context.junit4.statements.RunAfterTestMethodCallbacks.evaluate(RunAfterTestMethodCallbacks.java:86) [spring-test-5.0.8.RELEASE.jar:5.0.8.RELEASE]
	at org.springframework.test.context.junit4.statements.SpringRepeat.evaluate(SpringRepeat.java:84) [spring-test-5.0.8.RELEASE.jar:5.0.8.RELEASE]
	at org.junit.runners.ParentRunner.runLeaf(ParentRunner.java:325) [junit-4.12.jar:4.12]
	at org.springframework.test.context.junit4.SpringJUnit4ClassRunner.runChild(SpringJUnit4ClassRunner.java:251) [spring-test-5.0.8.RELEASE.jar:5.0.8.RELEASE]
	at org.springframework.test.context.junit4.SpringJUnit4ClassRunner.runChild(SpringJUnit4ClassRunner.java:97) [spring-test-5.0.8.RELEASE.jar:5.0.8.RELEASE]
	at org.junit.runners.ParentRunner$3.run(ParentRunner.java:290) [junit-4.12.jar:4.12]
	at org.junit.runners.ParentRunner$1.schedule(ParentRunner.java:71) [junit-4.12.jar:4.12]
	at org.junit.runners.ParentRunner.runChildren(ParentRunner.java:288) [junit-4.12.jar:4.12]
	at org.junit.runners.ParentRunner.access$000(ParentRunner.java:58) [junit-4.12.jar:4.12]
	at org.junit.runners.ParentRunner$2.evaluate(ParentRunner.java:268) [junit-4.12.jar:4.12]
	at org.springframework.test.context.junit4.statements.RunBeforeTestClassCallbacks.evaluate(RunBeforeTestClassCallbacks.java:61) [spring-test-5.0.8.RELEASE.jar:5.0.8.RELEASE]
	at org.springframework.test.context.junit4.statements.RunAfterTestClassCallbacks.evaluate(RunAfterTestClassCallbacks.java:70) [spring-test-5.0.8.RELEASE.jar:5.0.8.RELEASE]
	at org.junit.runners.ParentRunner.run(ParentRunner.java:363) [junit-4.12.jar:4.12]
	at org.springframework.test.context.junit4.SpringJUnit4ClassRunner.run(SpringJUnit4ClassRunner.java:190) [spring-test-5.0.8.RELEASE.jar:5.0.8.RELEASE]
	at org.gradle.api.internal.tasks.testing.junit.JUnitTestClassExecutor.runTestClass(JUnitTestClassExecutor.java:106) [gradle-testing-jvm-4.8.1.jar:4.8.1]
	at org.gradle.api.internal.tasks.testing.junit.JUnitTestClassExecutor.execute(JUnitTestClassExecutor.java:58) [gradle-testing-jvm-4.8.1.jar:4.8.1]
	at org.gradle.api.internal.tasks.testing.junit.JUnitTestClassExecutor.execute(JUnitTestClassExecutor.java:38) [gradle-testing-jvm-4.8.1.jar:4.8.1]
	at org.gradle.api.internal.tasks.testing.junit.AbstractJUnitTestClassProcessor.processTestClass(AbstractJUnitTestClassProcessor.java:66) [gradle-testing-jvm-4.8.1.jar:4.8.1]
	at org.gradle.api.internal.tasks.testing.SuiteTestClassProcessor.processTestClass(SuiteTestClassProcessor.java:51) [gradle-testing-base-4.8.1.jar:4.8.1]
	at sun.reflect.NativeMethodAccessorImpl.invoke0(Native Method) ~[na:1.8.0_171]
	at sun.reflect.NativeMethodAccessorImpl.invoke(NativeMethodAccessorImpl.java:62) ~[na:1.8.0_171]
	at sun.reflect.DelegatingMethodAccessorImpl.invoke(DelegatingMethodAccessorImpl.java:43) ~[na:1.8.0_171]
	at java.lang.reflect.Method.invoke(Method.java:498) ~[na:1.8.0_171]
	at org.gradle.internal.dispatch.ReflectionDispatch.dispatch(ReflectionDispatch.java:35) [gradle-messaging-4.8.1.jar:4.8.1]
	at org.gradle.internal.dispatch.ReflectionDispatch.dispatch(ReflectionDispatch.java:24) [gradle-messaging-4.8.1.jar:4.8.1]
	at org.gradle.internal.dispatch.ContextClassLoaderDispatch.dispatch(ContextClassLoaderDispatch.java:32) [gradle-messaging-4.8.1.jar:4.8.1]
	at org.gradle.internal.dispatch.ProxyDispatchAdapter$DispatchingInvocationHandler.invoke(ProxyDispatchAdapter.java:93) [gradle-messaging-4.8.1.jar:4.8.1]
	at com.sun.proxy.$Proxy1.processTestClass(Unknown Source) [na:na]
	at org.gradle.api.internal.tasks.testing.worker.TestWorker.processTestClass(TestWorker.java:109) [gradle-testing-base-4.8.1.jar:4.8.1]
	at sun.reflect.NativeMethodAccessorImpl.invoke0(Native Method) ~[na:1.8.0_171]
	at sun.reflect.NativeMethodAccessorImpl.invoke(NativeMethodAccessorImpl.java:62) ~[na:1.8.0_171]
	at sun.reflect.DelegatingMethodAccessorImpl.invoke(DelegatingMethodAccessorImpl.java:43) ~[na:1.8.0_171]
	at java.lang.reflect.Method.invoke(Method.java:498) ~[na:1.8.0_171]
	at org.gradle.internal.dispatch.ReflectionDispatch.dispatch(ReflectionDispatch.java:35) [gradle-messaging-4.8.1.jar:4.8.1]
	at org.gradle.internal.dispatch.ReflectionDispatch.dispatch(ReflectionDispatch.java:24) [gradle-messaging-4.8.1.jar:4.8.1]
	at org.gradle.internal.remote.internal.hub.MessageHubBackedObjectConnection$DispatchWrapper.dispatch(MessageHubBackedObjectConnection.java:155) [gradle-messaging-4.8.1.jar:4.8.1]
	at org.gradle.internal.remote.internal.hub.MessageHubBackedObjectConnection$DispatchWrapper.dispatch(MessageHubBackedObjectConnection.java:137) [gradle-messaging-4.8.1.jar:4.8.1]
	at org.gradle.internal.remote.internal.hub.MessageHub$Handler.run(MessageHub.java:404) [gradle-messaging-4.8.1.jar:4.8.1]
	at org.gradle.internal.concurrent.ExecutorPolicy$CatchAndRecordFailures.onExecute(ExecutorPolicy.java:63) [gradle-base-services-4.8.1.jar:4.8.1]
	at org.gradle.internal.concurrent.ManagedExecutorImpl$1.run(ManagedExecutorImpl.java:46) [gradle-base-services-4.8.1.jar:4.8.1]
	at java.util.concurrent.ThreadPoolExecutor.runWorker(ThreadPoolExecutor.java:1149) [na:1.8.0_171]
	at java.util.concurrent.ThreadPoolExecutor$Worker.run(ThreadPoolExecutor.java:624) [na:1.8.0_171]
	at org.gradle.internal.concurrent.ThreadFactoryImpl$ManagedThreadRunnable.run(ThreadFactoryImpl.java:55) [gradle-base-services-4.8.1.jar:4.8.1]
	at java.lang.Thread.run(Thread.java:748) [na:1.8.0_171]


MockHttpServletRequest:
      HTTP Method = GET
      Request URI = /orders/10
       Parameters = {}
          Headers = {Content-Type=[application/json], Accept=[application/json]}
             Body = <no character encoding set>
    Session Attrs = {}

Handler:
             Type = com.kakaoix.store.order.OrderController
           Method = public com.kakaoix.store.order.domain.OrderDto$Response com.kakaoix.store.order.OrderController.findById(java.lang.Long)

Async:
    Async started = false
     Async result = null

Resolved Exception:
             Type = com.kakaoix.store.order.exception.OrderNotFoundException

ModelAndView:
        View name = null
             View = null
            Model = null

FlashMap:
       Attributes = null

MockHttpServletResponse:
           Status = 404
    Error message = null
          Headers = {Content-Type=[application/json;charset=UTF-8]}
     Content type = application/json;charset=UTF-8
             Body = {"code":"ORDER_NOT_FOUND","message":"요청한 주문번호[10]를 찾을 수 없습니다.","fieldErrors":null}
    Forwarded URL = null
   Redirected URL = null
          Cookies = []
2018-09-02 20:00:32.738  INFO 27909 --- [    Test worker] o.s.t.c.transaction.TransactionContext   : Rolled back transaction for test: [DefaultTestContext@5b482b47 testClass = OrderControllerTest, testInstance = com.kakaoix.store.order.OrderControllerTest@4494b6c3, testMethod = 잘못된_주문번호_조회요청@OrderControllerTest, testException = [null], mergedContextConfiguration = [WebMergedContextConfiguration@70f6db46 testClass = OrderControllerTest, locations = '{}', classes = '{class com.kakaoix.store.IxOrderApplication}', contextInitializerClasses = '[]', activeProfiles = '{}', propertySourceLocations = '{}', propertySourceProperties = '{org.springframework.boot.test.context.SpringBootTestContextBootstrapper=true}', contextCustomizers = set[org.springframework.boot.test.autoconfigure.properties.PropertyMappingContextCustomizer@0, org.springframework.boot.test.autoconfigure.web.servlet.WebDriverContextCustomizerFactory$Customizer@78ef17aa, org.springframework.boot.test.context.filter.ExcludeFilterContextCustomizer@dafe75c, org.springframework.boot.test.json.DuplicateJsonObjectContextCustomizerFactory$DuplicateJsonObjectContextCustomizer@1c4e9ddb, org.springframework.boot.test.mock.mockito.MockitoContextCustomizer@0, org.springframework.boot.test.web.client.TestRestTemplateContextCustomizer@60ae10dc], resourceBasePath = 'src/main/webapp', contextLoader = 'org.springframework.boot.test.context.SpringBootContextLoader', parent = [null]], attributes = map['org.springframework.test.context.web.ServletTestExecutionListener.activateListener' -> true, 'org.springframework.test.context.web.ServletTestExecutionListener.populatedRequestContextHolder' -> true, 'org.springframework.test.context.web.ServletTestExecutionListener.resetRequestContextHolder' -> true]]
2018-09-02 20:00:32.741  INFO 27909 --- [    Test worker] o.s.t.c.transaction.TransactionContext   : Began transaction (1) for test context [DefaultTestContext@5b482b47 testClass = OrderControllerTest, testInstance = com.kakaoix.store.order.OrderControllerTest@45357591, testMethod = 회원번호기준_주문조회@OrderControllerTest, testException = [null], mergedContextConfiguration = [WebMergedContextConfiguration@70f6db46 testClass = OrderControllerTest, locations = '{}', classes = '{class com.kakaoix.store.IxOrderApplication}', contextInitializerClasses = '[]', activeProfiles = '{}', propertySourceLocations = '{}', propertySourceProperties = '{org.springframework.boot.test.context.SpringBootTestContextBootstrapper=true}', contextCustomizers = set[org.springframework.boot.test.autoconfigure.properties.PropertyMappingContextCustomizer@0, org.springframework.boot.test.autoconfigure.web.servlet.WebDriverContextCustomizerFactory$Customizer@78ef17aa, org.springframework.boot.test.context.filter.ExcludeFilterContextCustomizer@dafe75c, org.springframework.boot.test.json.DuplicateJsonObjectContextCustomizerFactory$DuplicateJsonObjectContextCustomizer@1c4e9ddb, org.springframework.boot.test.mock.mockito.MockitoContextCustomizer@0, org.springframework.boot.test.web.client.TestRestTemplateContextCustomizer@60ae10dc], resourceBasePath = 'src/main/webapp', contextLoader = 'org.springframework.boot.test.context.SpringBootContextLoader', parent = [null]], attributes = map['org.springframework.test.context.web.ServletTestExecutionListener.activateListener' -> true, 'org.springframework.test.context.web.ServletTestExecutionListener.populatedRequestContextHolder' -> true, 'org.springframework.test.context.web.ServletTestExecutionListener.resetRequestContextHolder' -> true]]; transaction manager [org.springframework.orm.jpa.JpaTransactionManager@367994a9]; rollback [true]
2018-09-02 20:00:32.742  INFO 27909 --- [    Test worker] o.s.b.t.m.w.SpringBootMockServletContext : Initializing Spring FrameworkServlet ''
2018-09-02 20:00:32.742  INFO 27909 --- [    Test worker] o.s.t.web.servlet.TestDispatcherServlet  : FrameworkServlet '': initialization started
2018-09-02 20:00:32.746  INFO 27909 --- [    Test worker] o.s.t.web.servlet.TestDispatcherServlet  : FrameworkServlet '': initialization completed in 4 ms
Hibernate: select member0_.member_id as member_i1_0_0_, member0_.created_at as created_2_0_0_, member0_.email as email3_0_0_, member0_.joined as joined4_0_0_, member0_.nick_name as nick_nam5_0_0_, member0_.password_failed_count as password6_0_0_, member0_.password as password7_0_0_, member0_.update_at as update_a8_0_0_ from member member0_ where member0_.member_id=?
TokenDto.Response(memberId=1, email=gabriel870214@gmail.com, value=eyJhbGciOiJIUzUxMiJ9.eyJzdWIiOiJnYWJyaWVsODcwMjE0QGdtYWlsLmNvbSIsIm1lbWJlcklkIjoxfQ.-naYGZFBk2jfy3Eg5h5LBGf8VejWsDkZraMb31mwzTezBsr_mB7_Oque17cMIxPkLSrOqg0kdVg7Fepcggcf4g)
Hibernate: select order0_.order_id as order_id1_2_, order0_.address1 as address2_2_, order0_.address2 as address3_2_, order0_.zip as zip4_2_, order0_.buyer as buyer5_2_, order0_.cancel_date as cancel_d6_2_, order0_.created_at as created_7_2_, order0_.member_id as member_i8_2_, order0_.order_date as order_da9_2_, order0_.order_status as order_s10_2_, order0_.update_at as update_11_2_ from orders order0_ where order0_.member_id=?
Hibernate: select orderlines0_.order_id as order_id5_1_0_, orderlines0_.order_line_id as order_li1_1_0_, orderlines0_.order_line_id as order_li1_1_1_, orderlines0_.order_id as order_id5_1_1_, orderlines0_.prod_name as prod_nam2_1_1_, orderlines0_.prod_price as prod_pri3_1_1_, orderlines0_.quantity as quantity4_1_1_ from order_line orderlines0_ where orderlines0_.order_id=?
Hibernate: select orderlines0_.order_id as order_id5_1_0_, orderlines0_.order_line_id as order_li1_1_0_, orderlines0_.order_line_id as order_li1_1_1_, orderlines0_.order_id as order_id5_1_1_, orderlines0_.prod_name as prod_nam2_1_1_, orderlines0_.prod_price as prod_pri3_1_1_, orderlines0_.quantity as quantity4_1_1_ from order_line orderlines0_ where orderlines0_.order_id=?
Hibernate: select orderlines0_.order_id as order_id5_1_0_, orderlines0_.order_line_id as order_li1_1_0_, orderlines0_.order_line_id as order_li1_1_1_, orderlines0_.order_id as order_id5_1_1_, orderlines0_.prod_name as prod_nam2_1_1_, orderlines0_.prod_price as prod_pri3_1_1_, orderlines0_.quantity as quantity4_1_1_ from order_line orderlines0_ where orderlines0_.order_id=?

MockHttpServletRequest:
      HTTP Method = GET
      Request URI = /orders/member
       Parameters = {}
          Headers = {Content-Type=[application/json], Accept=[application/json], token=[eyJhbGciOiJIUzUxMiJ9.eyJzdWIiOiJnYWJyaWVsODcwMjE0QGdtYWlsLmNvbSIsIm1lbWJlcklkIjoxfQ.-naYGZFBk2jfy3Eg5h5LBGf8VejWsDkZraMb31mwzTezBsr_mB7_Oque17cMIxPkLSrOqg0kdVg7Fepcggcf4g]}
             Body = <no character encoding set>
    Session Attrs = {}

Handler:
             Type = com.kakaoix.store.order.OrderController
           Method = public java.util.List<com.kakaoix.store.order.domain.OrderDto$Response> com.kakaoix.store.order.OrderController.findByMemberId(java.lang.String)

Async:
    Async started = false
     Async result = null

Resolved Exception:
             Type = null

ModelAndView:
        View name = null
             View = null
            Model = null

FlashMap:
       Attributes = null

MockHttpServletResponse:
           Status = 200
    Error message = null
          Headers = {Content-Type=[application/json;charset=UTF-8]}
     Content type = application/json;charset=UTF-8
             Body = [{"id":1,"memberId":1,"totalPrice":48000,"orderStatus":"주문취소","orderDate":"2018-09-01 10:00:00","cancelDate":"2018-09-01 11:00:00","buyer":"남채희","address":{"address1":"서울특별시 강남구 테헤란로 521","address2":"27층 (삼성동, 파르나스타워)","zip":"12345"},"orderLineResponses":[{"productName":"리틀프랜즈 아스크림1","productPrice":8000,"quantity":3},{"productName":"플라잉전신키링 무지","productPrice":8000,"quantity":3}]},{"id":3,"memberId":1,"totalPrice":24000,"orderStatus":"주문완료","orderDate":"2018-09-01 10:00:00","cancelDate":null,"buyer":"남채희","address":{"address1":"서울특별시 강남구 테헤란로 427","address2":"야놀자","zip":"12345"},"orderLineResponses":[{"productName":"리틀프랜즈 아스크림2","productPrice":8000,"quantity":3}]},{"id":4,"memberId":1,"totalPrice":24000,"orderStatus":"주문완료","orderDate":"2018-09-01 10:00:00","cancelDate":null,"buyer":"남채희","address":{"address1":"서울특별시 강남구 테헤란로 521","address2":"27층 (삼성동, 파르나스타워)","zip":"12345"},"orderLineResponses":[{"productName":"플라잉전신키링 무지","productPrice":8000,"quantity":3}]}]
    Forwarded URL = null
   Redirected URL = null
          Cookies = []
2018-09-02 20:00:32.823  INFO 27909 --- [    Test worker] o.s.t.c.transaction.TransactionContext   : Rolled back transaction for test: [DefaultTestContext@5b482b47 testClass = OrderControllerTest, testInstance = com.kakaoix.store.order.OrderControllerTest@45357591, testMethod = 회원번호기준_주문조회@OrderControllerTest, testException = [null], mergedContextConfiguration = [WebMergedContextConfiguration@70f6db46 testClass = OrderControllerTest, locations = '{}', classes = '{class com.kakaoix.store.IxOrderApplication}', contextInitializerClasses = '[]', activeProfiles = '{}', propertySourceLocations = '{}', propertySourceProperties = '{org.springframework.boot.test.context.SpringBootTestContextBootstrapper=true}', contextCustomizers = set[org.springframework.boot.test.autoconfigure.properties.PropertyMappingContextCustomizer@0, org.springframework.boot.test.autoconfigure.web.servlet.WebDriverContextCustomizerFactory$Customizer@78ef17aa, org.springframework.boot.test.context.filter.ExcludeFilterContextCustomizer@dafe75c, org.springframework.boot.test.json.DuplicateJsonObjectContextCustomizerFactory$DuplicateJsonObjectContextCustomizer@1c4e9ddb, org.springframework.boot.test.mock.mockito.MockitoContextCustomizer@0, org.springframework.boot.test.web.client.TestRestTemplateContextCustomizer@60ae10dc], resourceBasePath = 'src/main/webapp', contextLoader = 'org.springframework.boot.test.context.SpringBootContextLoader', parent = [null]], attributes = map['org.springframework.test.context.web.ServletTestExecutionListener.activateListener' -> true, 'org.springframework.test.context.web.ServletTestExecutionListener.populatedRequestContextHolder' -> true, 'org.springframework.test.context.web.ServletTestExecutionListener.resetRequestContextHolder' -> true]]
2018-09-02 20:00:32.826  INFO 27909 --- [    Test worker] o.s.t.c.transaction.TransactionContext   : Began transaction (1) for test context [DefaultTestContext@5b482b47 testClass = OrderControllerTest, testInstance = com.kakaoix.store.order.OrderControllerTest@317ca44, testMethod = 주문번호_조회요청@OrderControllerTest, testException = [null], mergedContextConfiguration = [WebMergedContextConfiguration@70f6db46 testClass = OrderControllerTest, locations = '{}', classes = '{class com.kakaoix.store.IxOrderApplication}', contextInitializerClasses = '[]', activeProfiles = '{}', propertySourceLocations = '{}', propertySourceProperties = '{org.springframework.boot.test.context.SpringBootTestContextBootstrapper=true}', contextCustomizers = set[org.springframework.boot.test.autoconfigure.properties.PropertyMappingContextCustomizer@0, org.springframework.boot.test.autoconfigure.web.servlet.WebDriverContextCustomizerFactory$Customizer@78ef17aa, org.springframework.boot.test.context.filter.ExcludeFilterContextCustomizer@dafe75c, org.springframework.boot.test.json.DuplicateJsonObjectContextCustomizerFactory$DuplicateJsonObjectContextCustomizer@1c4e9ddb, org.springframework.boot.test.mock.mockito.MockitoContextCustomizer@0, org.springframework.boot.test.web.client.TestRestTemplateContextCustomizer@60ae10dc], resourceBasePath = 'src/main/webapp', contextLoader = 'org.springframework.boot.test.context.SpringBootContextLoader', parent = [null]], attributes = map['org.springframework.test.context.web.ServletTestExecutionListener.activateListener' -> true, 'org.springframework.test.context.web.ServletTestExecutionListener.populatedRequestContextHolder' -> true, 'org.springframework.test.context.web.ServletTestExecutionListener.resetRequestContextHolder' -> true]]; transaction manager [org.springframework.orm.jpa.JpaTransactionManager@367994a9]; rollback [true]
2018-09-02 20:00:32.827  INFO 27909 --- [    Test worker] o.s.b.t.m.w.SpringBootMockServletContext : Initializing Spring FrameworkServlet ''
2018-09-02 20:00:32.827  INFO 27909 --- [    Test worker] o.s.t.web.servlet.TestDispatcherServlet  : FrameworkServlet '': initialization started
2018-09-02 20:00:32.831  INFO 27909 --- [    Test worker] o.s.t.web.servlet.TestDispatcherServlet  : FrameworkServlet '': initialization completed in 4 ms
Hibernate: select member0_.member_id as member_i1_0_0_, member0_.created_at as created_2_0_0_, member0_.email as email3_0_0_, member0_.joined as joined4_0_0_, member0_.nick_name as nick_nam5_0_0_, member0_.password_failed_count as password6_0_0_, member0_.password as password7_0_0_, member0_.update_at as update_a8_0_0_ from member member0_ where member0_.member_id=?
Hibernate: select order0_.order_id as order_id1_2_0_, order0_.address1 as address2_2_0_, order0_.address2 as address3_2_0_, order0_.zip as zip4_2_0_, order0_.buyer as buyer5_2_0_, order0_.cancel_date as cancel_d6_2_0_, order0_.created_at as created_7_2_0_, order0_.member_id as member_i8_2_0_, order0_.order_date as order_da9_2_0_, order0_.order_status as order_s10_2_0_, order0_.update_at as update_11_2_0_ from orders order0_ where order0_.order_id=?
Hibernate: select orderlines0_.order_id as order_id5_1_0_, orderlines0_.order_line_id as order_li1_1_0_, orderlines0_.order_line_id as order_li1_1_1_, orderlines0_.order_id as order_id5_1_1_, orderlines0_.prod_name as prod_nam2_1_1_, orderlines0_.prod_price as prod_pri3_1_1_, orderlines0_.quantity as quantity4_1_1_ from order_line orderlines0_ where orderlines0_.order_id=?

MockHttpServletRequest:
      HTTP Method = GET
      Request URI = /orders/1
       Parameters = {}
          Headers = {Content-Type=[application/json], Accept=[application/json]}
             Body = <no character encoding set>
    Session Attrs = {}

Handler:
             Type = com.kakaoix.store.order.OrderController
           Method = public com.kakaoix.store.order.domain.OrderDto$Response com.kakaoix.store.order.OrderController.findById(java.lang.Long)

Async:
    Async started = false
     Async result = null

Resolved Exception:
             Type = null

ModelAndView:
        View name = null
             View = null
            Model = null

FlashMap:
       Attributes = null

MockHttpServletResponse:
           Status = 200
    Error message = null
          Headers = {Content-Type=[application/json;charset=UTF-8]}
     Content type = application/json;charset=UTF-8
             Body = {"id":1,"memberId":1,"totalPrice":48000,"orderStatus":"주문취소","orderDate":"2018-09-01 10:00:00","cancelDate":"2018-09-01 11:00:00","buyer":"남채희","address":{"address1":"서울특별시 강남구 테헤란로 521","address2":"27층 (삼성동, 파르나스타워)","zip":"12345"},"orderLineResponses":[{"productName":"리틀프랜즈 아스크림1","productPrice":8000,"quantity":3},{"productName":"플라잉전신키링 무지","productPrice":8000,"quantity":3}]}
    Forwarded URL = null
   Redirected URL = null
          Cookies = []
2018-09-02 20:00:32.841  INFO 27909 --- [    Test worker] o.s.t.c.transaction.TransactionContext   : Rolled back transaction for test: [DefaultTestContext@5b482b47 testClass = OrderControllerTest, testInstance = com.kakaoix.store.order.OrderControllerTest@317ca44, testMethod = 주문번호_조회요청@OrderControllerTest, testException = [null], mergedContextConfiguration = [WebMergedContextConfiguration@70f6db46 testClass = OrderControllerTest, locations = '{}', classes = '{class com.kakaoix.store.IxOrderApplication}', contextInitializerClasses = '[]', activeProfiles = '{}', propertySourceLocations = '{}', propertySourceProperties = '{org.springframework.boot.test.context.SpringBootTestContextBootstrapper=true}', contextCustomizers = set[org.springframework.boot.test.autoconfigure.properties.PropertyMappingContextCustomizer@0, org.springframework.boot.test.autoconfigure.web.servlet.WebDriverContextCustomizerFactory$Customizer@78ef17aa, org.springframework.boot.test.context.filter.ExcludeFilterContextCustomizer@dafe75c, org.springframework.boot.test.json.DuplicateJsonObjectContextCustomizerFactory$DuplicateJsonObjectContextCustomizer@1c4e9ddb, org.springframework.boot.test.mock.mockito.MockitoContextCustomizer@0, org.springframework.boot.test.web.client.TestRestTemplateContextCustomizer@60ae10dc], resourceBasePath = 'src/main/webapp', contextLoader = 'org.springframework.boot.test.context.SpringBootContextLoader', parent = [null]], attributes = map['org.springframework.test.context.web.ServletTestExecutionListener.activateListener' -> true, 'org.springframework.test.context.web.ServletTestExecutionListener.populatedRequestContextHolder' -> true, 'org.springframework.test.context.web.ServletTestExecutionListener.resetRequestContextHolder' -> true]]
2018-09-02 20:00:32.843  INFO 27909 --- [    Test worker] o.s.t.c.transaction.TransactionContext   : Began transaction (1) for test context [DefaultTestContext@5b482b47 testClass = OrderControllerTest, testInstance = com.kakaoix.store.order.OrderControllerTest@d4612f3, testMethod = 주문요청_재고초과@OrderControllerTest, testException = [null], mergedContextConfiguration = [WebMergedContextConfiguration@70f6db46 testClass = OrderControllerTest, locations = '{}', classes = '{class com.kakaoix.store.IxOrderApplication}', contextInitializerClasses = '[]', activeProfiles = '{}', propertySourceLocations = '{}', propertySourceProperties = '{org.springframework.boot.test.context.SpringBootTestContextBootstrapper=true}', contextCustomizers = set[org.springframework.boot.test.autoconfigure.properties.PropertyMappingContextCustomizer@0, org.springframework.boot.test.autoconfigure.web.servlet.WebDriverContextCustomizerFactory$Customizer@78ef17aa, org.springframework.boot.test.context.filter.ExcludeFilterContextCustomizer@dafe75c, org.springframework.boot.test.json.DuplicateJsonObjectContextCustomizerFactory$DuplicateJsonObjectContextCustomizer@1c4e9ddb, org.springframework.boot.test.mock.mockito.MockitoContextCustomizer@0, org.springframework.boot.test.web.client.TestRestTemplateContextCustomizer@60ae10dc], resourceBasePath = 'src/main/webapp', contextLoader = 'org.springframework.boot.test.context.SpringBootContextLoader', parent = [null]], attributes = map['org.springframework.test.context.web.ServletTestExecutionListener.activateListener' -> true, 'org.springframework.test.context.web.ServletTestExecutionListener.populatedRequestContextHolder' -> true, 'org.springframework.test.context.web.ServletTestExecutionListener.resetRequestContextHolder' -> true]]; transaction manager [org.springframework.orm.jpa.JpaTransactionManager@367994a9]; rollback [true]
2018-09-02 20:00:32.844  INFO 27909 --- [    Test worker] o.s.b.t.m.w.SpringBootMockServletContext : Initializing Spring FrameworkServlet ''
2018-09-02 20:00:32.845  INFO 27909 --- [    Test worker] o.s.t.web.servlet.TestDispatcherServlet  : FrameworkServlet '': initialization started
2018-09-02 20:00:32.848  INFO 27909 --- [    Test worker] o.s.t.web.servlet.TestDispatcherServlet  : FrameworkServlet '': initialization completed in 3 ms
Hibernate: select member0_.member_id as member_i1_0_0_, member0_.created_at as created_2_0_0_, member0_.email as email3_0_0_, member0_.joined as joined4_0_0_, member0_.nick_name as nick_nam5_0_0_, member0_.password_failed_count as password6_0_0_, member0_.password as password7_0_0_, member0_.update_at as update_a8_0_0_ from member member0_ where member0_.member_id=?
Hibernate: select product0_.prod_id as prod_id1_3_0_, product0_.created_at as created_2_3_0_, product0_.prod_image as prod_ima3_3_0_, product0_.prod_name as prod_nam4_3_0_, product0_.prod_price as prod_pri5_3_0_, product0_.prod_stock as prod_sto6_3_0_, product0_.update_at as update_a7_3_0_ from product product0_ where product0_.prod_id=?
2018-09-02 20:00:32.879 ERROR 27909 --- [    Test worker] c.k.s.exception.EndPointExceptionAdvice  : 1Not enough Stack

com.kakaoix.store.product.exception.NotEnoughStackOverException: 1Not enough Stack
	at com.kakaoix.store.product.domain.Product.removeStock(Product.java:58) ~[main/:na]
	at com.kakaoix.store.order.domain.OrderLine.<init>(OrderLine.java:41) ~[main/:na]
	at com.kakaoix.store.order.domain.OrderLine$OrderLineBuilder.build(OrderLine.java:36) ~[main/:na]
	at com.kakaoix.store.order.domain.OrderItem.toEntity(OrderItem.java:35) ~[main/:na]
	at com.kakaoix.store.order.facade.OrderFacade.execute(OrderFacade.java:47) ~[main/:na]
	at com.kakaoix.store.order.OrderController.orderExecute(OrderController.java:42) ~[main/:na]
	at sun.reflect.NativeMethodAccessorImpl.invoke0(Native Method) ~[na:1.8.0_171]
	at sun.reflect.NativeMethodAccessorImpl.invoke(NativeMethodAccessorImpl.java:62) ~[na:1.8.0_171]
	at sun.reflect.DelegatingMethodAccessorImpl.invoke(DelegatingMethodAccessorImpl.java:43) ~[na:1.8.0_171]
	at java.lang.reflect.Method.invoke(Method.java:498) ~[na:1.8.0_171]
	at org.springframework.web.method.support.InvocableHandlerMethod.doInvoke(InvocableHandlerMethod.java:209) ~[spring-web-5.0.8.RELEASE.jar:5.0.8.RELEASE]
	at org.springframework.web.method.support.InvocableHandlerMethod.invokeForRequest(InvocableHandlerMethod.java:136) ~[spring-web-5.0.8.RELEASE.jar:5.0.8.RELEASE]
	at org.springframework.web.servlet.mvc.method.annotation.ServletInvocableHandlerMethod.invokeAndHandle(ServletInvocableHandlerMethod.java:102) ~[spring-webmvc-5.0.8.RELEASE.jar:5.0.8.RELEASE]
	at org.springframework.web.servlet.mvc.method.annotation.RequestMappingHandlerAdapter.invokeHandlerMethod(RequestMappingHandlerAdapter.java:877) ~[spring-webmvc-5.0.8.RELEASE.jar:5.0.8.RELEASE]
	at org.springframework.web.servlet.mvc.method.annotation.RequestMappingHandlerAdapter.handleInternal(RequestMappingHandlerAdapter.java:783) ~[spring-webmvc-5.0.8.RELEASE.jar:5.0.8.RELEASE]
	at org.springframework.web.servlet.mvc.method.AbstractHandlerMethodAdapter.handle(AbstractHandlerMethodAdapter.java:87) ~[spring-webmvc-5.0.8.RELEASE.jar:5.0.8.RELEASE]
	at org.springframework.web.servlet.DispatcherServlet.doDispatch(DispatcherServlet.java:991) ~[spring-webmvc-5.0.8.RELEASE.jar:5.0.8.RELEASE]
	at org.springframework.web.servlet.DispatcherServlet.doService(DispatcherServlet.java:925) ~[spring-webmvc-5.0.8.RELEASE.jar:5.0.8.RELEASE]
	at org.springframework.web.servlet.FrameworkServlet.processRequest(FrameworkServlet.java:974) [spring-webmvc-5.0.8.RELEASE.jar:5.0.8.RELEASE]
	at org.springframework.web.servlet.FrameworkServlet.doPost(FrameworkServlet.java:877) [spring-webmvc-5.0.8.RELEASE.jar:5.0.8.RELEASE]
	at javax.servlet.http.HttpServlet.service(HttpServlet.java:661) ~[tomcat-embed-core-8.5.32.jar:8.5.32]
	at org.springframework.web.servlet.FrameworkServlet.service(FrameworkServlet.java:851) [spring-webmvc-5.0.8.RELEASE.jar:5.0.8.RELEASE]
	at org.springframework.test.web.servlet.TestDispatcherServlet.service(TestDispatcherServlet.java:71) [spring-test-5.0.8.RELEASE.jar:5.0.8.RELEASE]
	at javax.servlet.http.HttpServlet.service(HttpServlet.java:742) ~[tomcat-embed-core-8.5.32.jar:8.5.32]
	at org.springframework.mock.web.MockFilterChain$ServletFilterProxy.doFilter(MockFilterChain.java:166) [spring-test-5.0.8.RELEASE.jar:5.0.8.RELEASE]
	at org.springframework.mock.web.MockFilterChain.doFilter(MockFilterChain.java:133) [spring-test-5.0.8.RELEASE.jar:5.0.8.RELEASE]
	at org.springframework.test.web.servlet.MockMvc.perform(MockMvc.java:165) [spring-test-5.0.8.RELEASE.jar:5.0.8.RELEASE]
	at com.kakaoix.store.order.OrderControllerTest.주문요청_재고초과(OrderControllerTest.java:71) [test/:na]
	at sun.reflect.NativeMethodAccessorImpl.invoke0(Native Method) ~[na:1.8.0_171]
	at sun.reflect.NativeMethodAccessorImpl.invoke(NativeMethodAccessorImpl.java:62) ~[na:1.8.0_171]
	at sun.reflect.DelegatingMethodAccessorImpl.invoke(DelegatingMethodAccessorImpl.java:43) ~[na:1.8.0_171]
	at java.lang.reflect.Method.invoke(Method.java:498) ~[na:1.8.0_171]
	at org.junit.runners.model.FrameworkMethod$1.runReflectiveCall(FrameworkMethod.java:50) [junit-4.12.jar:4.12]
	at org.junit.internal.runners.model.ReflectiveCallable.run(ReflectiveCallable.java:12) [junit-4.12.jar:4.12]
	at org.junit.runners.model.FrameworkMethod.invokeExplosively(FrameworkMethod.java:47) [junit-4.12.jar:4.12]
	at org.junit.internal.runners.statements.InvokeMethod.evaluate(InvokeMethod.java:17) [junit-4.12.jar:4.12]
	at org.springframework.test.context.junit4.statements.RunBeforeTestExecutionCallbacks.evaluate(RunBeforeTestExecutionCallbacks.java:73) [spring-test-5.0.8.RELEASE.jar:5.0.8.RELEASE]
	at org.springframework.test.context.junit4.statements.RunAfterTestExecutionCallbacks.evaluate(RunAfterTestExecutionCallbacks.java:83) [spring-test-5.0.8.RELEASE.jar:5.0.8.RELEASE]
	at org.junit.internal.runners.statements.RunBefores.evaluate(RunBefores.java:26) [junit-4.12.jar:4.12]
	at org.springframework.test.context.junit4.statements.RunBeforeTestMethodCallbacks.evaluate(RunBeforeTestMethodCallbacks.java:75) [spring-test-5.0.8.RELEASE.jar:5.0.8.RELEASE]
	at org.springframework.test.context.junit4.statements.RunAfterTestMethodCallbacks.evaluate(RunAfterTestMethodCallbacks.java:86) [spring-test-5.0.8.RELEASE.jar:5.0.8.RELEASE]
	at org.springframework.test.context.junit4.statements.SpringRepeat.evaluate(SpringRepeat.java:84) [spring-test-5.0.8.RELEASE.jar:5.0.8.RELEASE]
	at org.junit.runners.ParentRunner.runLeaf(ParentRunner.java:325) [junit-4.12.jar:4.12]
	at org.springframework.test.context.junit4.SpringJUnit4ClassRunner.runChild(SpringJUnit4ClassRunner.java:251) [spring-test-5.0.8.RELEASE.jar:5.0.8.RELEASE]
	at org.springframework.test.context.junit4.SpringJUnit4ClassRunner.runChild(SpringJUnit4ClassRunner.java:97) [spring-test-5.0.8.RELEASE.jar:5.0.8.RELEASE]
	at org.junit.runners.ParentRunner$3.run(ParentRunner.java:290) [junit-4.12.jar:4.12]
	at org.junit.runners.ParentRunner$1.schedule(ParentRunner.java:71) [junit-4.12.jar:4.12]
	at org.junit.runners.ParentRunner.runChildren(ParentRunner.java:288) [junit-4.12.jar:4.12]
	at org.junit.runners.ParentRunner.access$000(ParentRunner.java:58) [junit-4.12.jar:4.12]
	at org.junit.runners.ParentRunner$2.evaluate(ParentRunner.java:268) [junit-4.12.jar:4.12]
	at org.springframework.test.context.junit4.statements.RunBeforeTestClassCallbacks.evaluate(RunBeforeTestClassCallbacks.java:61) [spring-test-5.0.8.RELEASE.jar:5.0.8.RELEASE]
	at org.springframework.test.context.junit4.statements.RunAfterTestClassCallbacks.evaluate(RunAfterTestClassCallbacks.java:70) [spring-test-5.0.8.RELEASE.jar:5.0.8.RELEASE]
	at org.junit.runners.ParentRunner.run(ParentRunner.java:363) [junit-4.12.jar:4.12]
	at org.springframework.test.context.junit4.SpringJUnit4ClassRunner.run(SpringJUnit4ClassRunner.java:190) [spring-test-5.0.8.RELEASE.jar:5.0.8.RELEASE]
	at org.gradle.api.internal.tasks.testing.junit.JUnitTestClassExecutor.runTestClass(JUnitTestClassExecutor.java:106) [gradle-testing-jvm-4.8.1.jar:4.8.1]
	at org.gradle.api.internal.tasks.testing.junit.JUnitTestClassExecutor.execute(JUnitTestClassExecutor.java:58) [gradle-testing-jvm-4.8.1.jar:4.8.1]
	at org.gradle.api.internal.tasks.testing.junit.JUnitTestClassExecutor.execute(JUnitTestClassExecutor.java:38) [gradle-testing-jvm-4.8.1.jar:4.8.1]
	at org.gradle.api.internal.tasks.testing.junit.AbstractJUnitTestClassProcessor.processTestClass(AbstractJUnitTestClassProcessor.java:66) [gradle-testing-jvm-4.8.1.jar:4.8.1]
	at org.gradle.api.internal.tasks.testing.SuiteTestClassProcessor.processTestClass(SuiteTestClassProcessor.java:51) [gradle-testing-base-4.8.1.jar:4.8.1]
	at sun.reflect.NativeMethodAccessorImpl.invoke0(Native Method) ~[na:1.8.0_171]
	at sun.reflect.NativeMethodAccessorImpl.invoke(NativeMethodAccessorImpl.java:62) ~[na:1.8.0_171]
	at sun.reflect.DelegatingMethodAccessorImpl.invoke(DelegatingMethodAccessorImpl.java:43) ~[na:1.8.0_171]
	at java.lang.reflect.Method.invoke(Method.java:498) ~[na:1.8.0_171]
	at org.gradle.internal.dispatch.ReflectionDispatch.dispatch(ReflectionDispatch.java:35) [gradle-messaging-4.8.1.jar:4.8.1]
	at org.gradle.internal.dispatch.ReflectionDispatch.dispatch(ReflectionDispatch.java:24) [gradle-messaging-4.8.1.jar:4.8.1]
	at org.gradle.internal.dispatch.ContextClassLoaderDispatch.dispatch(ContextClassLoaderDispatch.java:32) [gradle-messaging-4.8.1.jar:4.8.1]
	at org.gradle.internal.dispatch.ProxyDispatchAdapter$DispatchingInvocationHandler.invoke(ProxyDispatchAdapter.java:93) [gradle-messaging-4.8.1.jar:4.8.1]
	at com.sun.proxy.$Proxy1.processTestClass(Unknown Source) [na:na]
	at org.gradle.api.internal.tasks.testing.worker.TestWorker.processTestClass(TestWorker.java:109) [gradle-testing-base-4.8.1.jar:4.8.1]
	at sun.reflect.NativeMethodAccessorImpl.invoke0(Native Method) ~[na:1.8.0_171]
	at sun.reflect.NativeMethodAccessorImpl.invoke(NativeMethodAccessorImpl.java:62) ~[na:1.8.0_171]
	at sun.reflect.DelegatingMethodAccessorImpl.invoke(DelegatingMethodAccessorImpl.java:43) ~[na:1.8.0_171]
	at java.lang.reflect.Method.invoke(Method.java:498) ~[na:1.8.0_171]
	at org.gradle.internal.dispatch.ReflectionDispatch.dispatch(ReflectionDispatch.java:35) [gradle-messaging-4.8.1.jar:4.8.1]
	at org.gradle.internal.dispatch.ReflectionDispatch.dispatch(ReflectionDispatch.java:24) [gradle-messaging-4.8.1.jar:4.8.1]
	at org.gradle.internal.remote.internal.hub.MessageHubBackedObjectConnection$DispatchWrapper.dispatch(MessageHubBackedObjectConnection.java:155) [gradle-messaging-4.8.1.jar:4.8.1]
	at org.gradle.internal.remote.internal.hub.MessageHubBackedObjectConnection$DispatchWrapper.dispatch(MessageHubBackedObjectConnection.java:137) [gradle-messaging-4.8.1.jar:4.8.1]
	at org.gradle.internal.remote.internal.hub.MessageHub$Handler.run(MessageHub.java:404) [gradle-messaging-4.8.1.jar:4.8.1]
	at org.gradle.internal.concurrent.ExecutorPolicy$CatchAndRecordFailures.onExecute(ExecutorPolicy.java:63) [gradle-base-services-4.8.1.jar:4.8.1]
	at org.gradle.internal.concurrent.ManagedExecutorImpl$1.run(ManagedExecutorImpl.java:46) [gradle-base-services-4.8.1.jar:4.8.1]
	at java.util.concurrent.ThreadPoolExecutor.runWorker(ThreadPoolExecutor.java:1149) [na:1.8.0_171]
	at java.util.concurrent.ThreadPoolExecutor$Worker.run(ThreadPoolExecutor.java:624) [na:1.8.0_171]
	at org.gradle.internal.concurrent.ThreadFactoryImpl$ManagedThreadRunnable.run(ThreadFactoryImpl.java:55) [gradle-base-services-4.8.1.jar:4.8.1]
	at java.lang.Thread.run(Thread.java:748) [na:1.8.0_171]


MockHttpServletRequest:
      HTTP Method = POST
      Request URI = /orders
       Parameters = {}
          Headers = {Content-Type=[application/json], Accept=[application/json], token=[eyJhbGciOiJIUzUxMiJ9.eyJzdWIiOiJnYWJyaWVsODcwMjE0QGdtYWlsLmNvbSIsIm1lbWJlcklkIjoxfQ.-naYGZFBk2jfy3Eg5h5LBGf8VejWsDkZraMb31mwzTezBsr_mB7_Oque17cMIxPkLSrOqg0kdVg7Fepcggcf4g]}
             Body = <no character encoding set>
    Session Attrs = {}

Handler:
             Type = com.kakaoix.store.order.OrderController
           Method = public void com.kakaoix.store.order.OrderController.orderExecute(java.lang.String,com.kakaoix.store.order.domain.OrderDto$Execute)

Async:
    Async started = false
     Async result = null

Resolved Exception:
             Type = com.kakaoix.store.product.exception.NotEnoughStackOverException

ModelAndView:
        View name = null
             View = null
            Model = null

FlashMap:
       Attributes = null

MockHttpServletResponse:
           Status = 500
    Error message = null
          Headers = {Content-Type=[application/json;charset=UTF-8]}
     Content type = application/json;charset=UTF-8
             Body = {"code":"PRODUCT_STOCK_OVERFLOW","message":"요청한 상품번호[1]의 재고수량이 부족합니다.","fieldErrors":null}
    Forwarded URL = null
   Redirected URL = null
          Cookies = []
2018-09-02 20:00:32.885  INFO 27909 --- [    Test worker] o.s.t.c.transaction.TransactionContext   : Rolled back transaction for test: [DefaultTestContext@5b482b47 testClass = OrderControllerTest, testInstance = com.kakaoix.store.order.OrderControllerTest@d4612f3, testMethod = 주문요청_재고초과@OrderControllerTest, testException = [null], mergedContextConfiguration = [WebMergedContextConfiguration@70f6db46 testClass = OrderControllerTest, locations = '{}', classes = '{class com.kakaoix.store.IxOrderApplication}', contextInitializerClasses = '[]', activeProfiles = '{}', propertySourceLocations = '{}', propertySourceProperties = '{org.springframework.boot.test.context.SpringBootTestContextBootstrapper=true}', contextCustomizers = set[org.springframework.boot.test.autoconfigure.properties.PropertyMappingContextCustomizer@0, org.springframework.boot.test.autoconfigure.web.servlet.WebDriverContextCustomizerFactory$Customizer@78ef17aa, org.springframework.boot.test.context.filter.ExcludeFilterContextCustomizer@dafe75c, org.springframework.boot.test.json.DuplicateJsonObjectContextCustomizerFactory$DuplicateJsonObjectContextCustomizer@1c4e9ddb, org.springframework.boot.test.mock.mockito.MockitoContextCustomizer@0, org.springframework.boot.test.web.client.TestRestTemplateContextCustomizer@60ae10dc], resourceBasePath = 'src/main/webapp', contextLoader = 'org.springframework.boot.test.context.SpringBootContextLoader', parent = [null]], attributes = map['org.springframework.test.context.web.ServletTestExecutionListener.activateListener' -> true, 'org.springframework.test.context.web.ServletTestExecutionListener.populatedRequestContextHolder' -> true, 'org.springframework.test.context.web.ServletTestExecutionListener.resetRequestContextHolder' -> true]]
2018-09-02 20:00:32.887  INFO 27909 --- [    Test worker] o.s.t.c.transaction.TransactionContext   : Began transaction (1) for test context [DefaultTestContext@5b482b47 testClass = OrderControllerTest, testInstance = com.kakaoix.store.order.OrderControllerTest@3e9269ad, testMethod = 취소된_주문건_취소요청@OrderControllerTest, testException = [null], mergedContextConfiguration = [WebMergedContextConfiguration@70f6db46 testClass = OrderControllerTest, locations = '{}', classes = '{class com.kakaoix.store.IxOrderApplication}', contextInitializerClasses = '[]', activeProfiles = '{}', propertySourceLocations = '{}', propertySourceProperties = '{org.springframework.boot.test.context.SpringBootTestContextBootstrapper=true}', contextCustomizers = set[org.springframework.boot.test.autoconfigure.properties.PropertyMappingContextCustomizer@0, org.springframework.boot.test.autoconfigure.web.servlet.WebDriverContextCustomizerFactory$Customizer@78ef17aa, org.springframework.boot.test.context.filter.ExcludeFilterContextCustomizer@dafe75c, org.springframework.boot.test.json.DuplicateJsonObjectContextCustomizerFactory$DuplicateJsonObjectContextCustomizer@1c4e9ddb, org.springframework.boot.test.mock.mockito.MockitoContextCustomizer@0, org.springframework.boot.test.web.client.TestRestTemplateContextCustomizer@60ae10dc], resourceBasePath = 'src/main/webapp', contextLoader = 'org.springframework.boot.test.context.SpringBootContextLoader', parent = [null]], attributes = map['org.springframework.test.context.web.ServletTestExecutionListener.activateListener' -> true, 'org.springframework.test.context.web.ServletTestExecutionListener.populatedRequestContextHolder' -> true, 'org.springframework.test.context.web.ServletTestExecutionListener.resetRequestContextHolder' -> true]]; transaction manager [org.springframework.orm.jpa.JpaTransactionManager@367994a9]; rollback [true]
2018-09-02 20:00:32.888  INFO 27909 --- [    Test worker] o.s.b.t.m.w.SpringBootMockServletContext : Initializing Spring FrameworkServlet ''
2018-09-02 20:00:32.888  INFO 27909 --- [    Test worker] o.s.t.web.servlet.TestDispatcherServlet  : FrameworkServlet '': initialization started
2018-09-02 20:00:32.892  INFO 27909 --- [    Test worker] o.s.t.web.servlet.TestDispatcherServlet  : FrameworkServlet '': initialization completed in 4 ms
Hibernate: select member0_.member_id as member_i1_0_0_, member0_.created_at as created_2_0_0_, member0_.email as email3_0_0_, member0_.joined as joined4_0_0_, member0_.nick_name as nick_nam5_0_0_, member0_.password_failed_count as password6_0_0_, member0_.password as password7_0_0_, member0_.update_at as update_a8_0_0_ from member member0_ where member0_.member_id=?
Hibernate: select order0_.order_id as order_id1_2_0_, order0_.address1 as address2_2_0_, order0_.address2 as address3_2_0_, order0_.zip as zip4_2_0_, order0_.buyer as buyer5_2_0_, order0_.cancel_date as cancel_d6_2_0_, order0_.created_at as created_7_2_0_, order0_.member_id as member_i8_2_0_, order0_.order_date as order_da9_2_0_, order0_.order_status as order_s10_2_0_, order0_.update_at as update_11_2_0_ from orders order0_ where order0_.order_id=?
2018-09-02 20:00:32.896 ERROR 27909 --- [    Test worker] c.k.s.exception.EndPointExceptionAdvice  : already cancel : 1

com.kakaoix.store.order.exception.OrderAlreadyCancelException: already cancel : 1
	at com.kakaoix.store.order.domain.Order.cancel(Order.java:72) ~[main/:na]
	at com.kakaoix.store.order.OrderService.cancel(OrderService.java:33) ~[main/:na]
	at com.kakaoix.store.order.OrderService$$FastClassBySpringCGLIB$$7a90687d.invoke(<generated>) ~[main/:na]
	at org.springframework.cglib.proxy.MethodProxy.invoke(MethodProxy.java:204) ~[spring-core-5.0.8.RELEASE.jar:5.0.8.RELEASE]
	at org.springframework.aop.framework.CglibAopProxy$CglibMethodInvocation.invokeJoinpoint(CglibAopProxy.java:746) ~[spring-aop-5.0.8.RELEASE.jar:5.0.8.RELEASE]
	at org.springframework.aop.framework.ReflectiveMethodInvocation.proceed(ReflectiveMethodInvocation.java:163) ~[spring-aop-5.0.8.RELEASE.jar:5.0.8.RELEASE]
	at org.springframework.transaction.interceptor.TransactionAspectSupport.invokeWithinTransaction(TransactionAspectSupport.java:294) ~[spring-tx-5.0.8.RELEASE.jar:5.0.8.RELEASE]
	at org.springframework.transaction.interceptor.TransactionInterceptor.invoke(TransactionInterceptor.java:98) ~[spring-tx-5.0.8.RELEASE.jar:5.0.8.RELEASE]
	at org.springframework.aop.framework.ReflectiveMethodInvocation.proceed(ReflectiveMethodInvocation.java:185) ~[spring-aop-5.0.8.RELEASE.jar:5.0.8.RELEASE]
	at org.springframework.aop.framework.CglibAopProxy$DynamicAdvisedInterceptor.intercept(CglibAopProxy.java:688) ~[spring-aop-5.0.8.RELEASE.jar:5.0.8.RELEASE]
	at com.kakaoix.store.order.OrderService$$EnhancerBySpringCGLIB$$20c1776e.cancel(<generated>) ~[main/:na]
	at com.kakaoix.store.order.OrderController.cancel(OrderController.java:66) ~[main/:na]
	at sun.reflect.NativeMethodAccessorImpl.invoke0(Native Method) ~[na:1.8.0_171]
	at sun.reflect.NativeMethodAccessorImpl.invoke(NativeMethodAccessorImpl.java:62) ~[na:1.8.0_171]
	at sun.reflect.DelegatingMethodAccessorImpl.invoke(DelegatingMethodAccessorImpl.java:43) ~[na:1.8.0_171]
	at java.lang.reflect.Method.invoke(Method.java:498) ~[na:1.8.0_171]
	at org.springframework.web.method.support.InvocableHandlerMethod.doInvoke(InvocableHandlerMethod.java:209) ~[spring-web-5.0.8.RELEASE.jar:5.0.8.RELEASE]
	at org.springframework.web.method.support.InvocableHandlerMethod.invokeForRequest(InvocableHandlerMethod.java:136) ~[spring-web-5.0.8.RELEASE.jar:5.0.8.RELEASE]
	at org.springframework.web.servlet.mvc.method.annotation.ServletInvocableHandlerMethod.invokeAndHandle(ServletInvocableHandlerMethod.java:102) ~[spring-webmvc-5.0.8.RELEASE.jar:5.0.8.RELEASE]
	at org.springframework.web.servlet.mvc.method.annotation.RequestMappingHandlerAdapter.invokeHandlerMethod(RequestMappingHandlerAdapter.java:877) ~[spring-webmvc-5.0.8.RELEASE.jar:5.0.8.RELEASE]
	at org.springframework.web.servlet.mvc.method.annotation.RequestMappingHandlerAdapter.handleInternal(RequestMappingHandlerAdapter.java:783) ~[spring-webmvc-5.0.8.RELEASE.jar:5.0.8.RELEASE]
	at org.springframework.web.servlet.mvc.method.AbstractHandlerMethodAdapter.handle(AbstractHandlerMethodAdapter.java:87) ~[spring-webmvc-5.0.8.RELEASE.jar:5.0.8.RELEASE]
	at org.springframework.web.servlet.DispatcherServlet.doDispatch(DispatcherServlet.java:991) ~[spring-webmvc-5.0.8.RELEASE.jar:5.0.8.RELEASE]
	at org.springframework.web.servlet.DispatcherServlet.doService(DispatcherServlet.java:925) ~[spring-webmvc-5.0.8.RELEASE.jar:5.0.8.RELEASE]
	at org.springframework.web.servlet.FrameworkServlet.processRequest(FrameworkServlet.java:974) ~[spring-webmvc-5.0.8.RELEASE.jar:5.0.8.RELEASE]
	at org.springframework.web.servlet.FrameworkServlet.service(FrameworkServlet.java:848) ~[spring-webmvc-5.0.8.RELEASE.jar:5.0.8.RELEASE]
	at org.springframework.test.web.servlet.TestDispatcherServlet.service(TestDispatcherServlet.java:71) ~[spring-test-5.0.8.RELEASE.jar:5.0.8.RELEASE]
	at javax.servlet.http.HttpServlet.service(HttpServlet.java:742) [tomcat-embed-core-8.5.32.jar:8.5.32]
	at org.springframework.mock.web.MockFilterChain$ServletFilterProxy.doFilter(MockFilterChain.java:166) [spring-test-5.0.8.RELEASE.jar:5.0.8.RELEASE]
	at org.springframework.mock.web.MockFilterChain.doFilter(MockFilterChain.java:133) [spring-test-5.0.8.RELEASE.jar:5.0.8.RELEASE]
	at org.springframework.test.web.servlet.MockMvc.perform(MockMvc.java:165) [spring-test-5.0.8.RELEASE.jar:5.0.8.RELEASE]
	at com.kakaoix.store.order.OrderControllerTest.취소된_주문건_취소요청(OrderControllerTest.java:116) [test/:na]
	at sun.reflect.NativeMethodAccessorImpl.invoke0(Native Method) ~[na:1.8.0_171]
	at sun.reflect.NativeMethodAccessorImpl.invoke(NativeMethodAccessorImpl.java:62) ~[na:1.8.0_171]
	at sun.reflect.DelegatingMethodAccessorImpl.invoke(DelegatingMethodAccessorImpl.java:43) ~[na:1.8.0_171]
	at java.lang.reflect.Method.invoke(Method.java:498) ~[na:1.8.0_171]
	at org.junit.runners.model.FrameworkMethod$1.runReflectiveCall(FrameworkMethod.java:50) [junit-4.12.jar:4.12]
	at org.junit.internal.runners.model.ReflectiveCallable.run(ReflectiveCallable.java:12) [junit-4.12.jar:4.12]
	at org.junit.runners.model.FrameworkMethod.invokeExplosively(FrameworkMethod.java:47) [junit-4.12.jar:4.12]
	at org.junit.internal.runners.statements.InvokeMethod.evaluate(InvokeMethod.java:17) [junit-4.12.jar:4.12]
	at org.springframework.test.context.junit4.statements.RunBeforeTestExecutionCallbacks.evaluate(RunBeforeTestExecutionCallbacks.java:73) [spring-test-5.0.8.RELEASE.jar:5.0.8.RELEASE]
	at org.springframework.test.context.junit4.statements.RunAfterTestExecutionCallbacks.evaluate(RunAfterTestExecutionCallbacks.java:83) [spring-test-5.0.8.RELEASE.jar:5.0.8.RELEASE]
	at org.junit.internal.runners.statements.RunBefores.evaluate(RunBefores.java:26) [junit-4.12.jar:4.12]
	at org.springframework.test.context.junit4.statements.RunBeforeTestMethodCallbacks.evaluate(RunBeforeTestMethodCallbacks.java:75) [spring-test-5.0.8.RELEASE.jar:5.0.8.RELEASE]
	at org.springframework.test.context.junit4.statements.RunAfterTestMethodCallbacks.evaluate(RunAfterTestMethodCallbacks.java:86) [spring-test-5.0.8.RELEASE.jar:5.0.8.RELEASE]
	at org.springframework.test.context.junit4.statements.SpringRepeat.evaluate(SpringRepeat.java:84) [spring-test-5.0.8.RELEASE.jar:5.0.8.RELEASE]
	at org.junit.runners.ParentRunner.runLeaf(ParentRunner.java:325) [junit-4.12.jar:4.12]
	at org.springframework.test.context.junit4.SpringJUnit4ClassRunner.runChild(SpringJUnit4ClassRunner.java:251) [spring-test-5.0.8.RELEASE.jar:5.0.8.RELEASE]
	at org.springframework.test.context.junit4.SpringJUnit4ClassRunner.runChild(SpringJUnit4ClassRunner.java:97) [spring-test-5.0.8.RELEASE.jar:5.0.8.RELEASE]
	at org.junit.runners.ParentRunner$3.run(ParentRunner.java:290) [junit-4.12.jar:4.12]
	at org.junit.runners.ParentRunner$1.schedule(ParentRunner.java:71) [junit-4.12.jar:4.12]
	at org.junit.runners.ParentRunner.runChildren(ParentRunner.java:288) [junit-4.12.jar:4.12]
	at org.junit.runners.ParentRunner.access$000(ParentRunner.java:58) [junit-4.12.jar:4.12]
	at org.junit.runners.ParentRunner$2.evaluate(ParentRunner.java:268) [junit-4.12.jar:4.12]
	at org.springframework.test.context.junit4.statements.RunBeforeTestClassCallbacks.evaluate(RunBeforeTestClassCallbacks.java:61) [spring-test-5.0.8.RELEASE.jar:5.0.8.RELEASE]
	at org.springframework.test.context.junit4.statements.RunAfterTestClassCallbacks.evaluate(RunAfterTestClassCallbacks.java:70) [spring-test-5.0.8.RELEASE.jar:5.0.8.RELEASE]
	at org.junit.runners.ParentRunner.run(ParentRunner.java:363) [junit-4.12.jar:4.12]
	at org.springframework.test.context.junit4.SpringJUnit4ClassRunner.run(SpringJUnit4ClassRunner.java:190) [spring-test-5.0.8.RELEASE.jar:5.0.8.RELEASE]
	at org.gradle.api.internal.tasks.testing.junit.JUnitTestClassExecutor.runTestClass(JUnitTestClassExecutor.java:106) [gradle-testing-jvm-4.8.1.jar:4.8.1]
	at org.gradle.api.internal.tasks.testing.junit.JUnitTestClassExecutor.execute(JUnitTestClassExecutor.java:58) [gradle-testing-jvm-4.8.1.jar:4.8.1]
	at org.gradle.api.internal.tasks.testing.junit.JUnitTestClassExecutor.execute(JUnitTestClassExecutor.java:38) [gradle-testing-jvm-4.8.1.jar:4.8.1]
	at org.gradle.api.internal.tasks.testing.junit.AbstractJUnitTestClassProcessor.processTestClass(AbstractJUnitTestClassProcessor.java:66) [gradle-testing-jvm-4.8.1.jar:4.8.1]
	at org.gradle.api.internal.tasks.testing.SuiteTestClassProcessor.processTestClass(SuiteTestClassProcessor.java:51) [gradle-testing-base-4.8.1.jar:4.8.1]
	at sun.reflect.NativeMethodAccessorImpl.invoke0(Native Method) ~[na:1.8.0_171]
	at sun.reflect.NativeMethodAccessorImpl.invoke(NativeMethodAccessorImpl.java:62) ~[na:1.8.0_171]
	at sun.reflect.DelegatingMethodAccessorImpl.invoke(DelegatingMethodAccessorImpl.java:43) ~[na:1.8.0_171]
	at java.lang.reflect.Method.invoke(Method.java:498) ~[na:1.8.0_171]
	at org.gradle.internal.dispatch.ReflectionDispatch.dispatch(ReflectionDispatch.java:35) [gradle-messaging-4.8.1.jar:4.8.1]
	at org.gradle.internal.dispatch.ReflectionDispatch.dispatch(ReflectionDispatch.java:24) [gradle-messaging-4.8.1.jar:4.8.1]
	at org.gradle.internal.dispatch.ContextClassLoaderDispatch.dispatch(ContextClassLoaderDispatch.java:32) [gradle-messaging-4.8.1.jar:4.8.1]
	at org.gradle.internal.dispatch.ProxyDispatchAdapter$DispatchingInvocationHandler.invoke(ProxyDispatchAdapter.java:93) [gradle-messaging-4.8.1.jar:4.8.1]
	at com.sun.proxy.$Proxy1.processTestClass(Unknown Source) [na:na]
	at org.gradle.api.internal.tasks.testing.worker.TestWorker.processTestClass(TestWorker.java:109) [gradle-testing-base-4.8.1.jar:4.8.1]
	at sun.reflect.NativeMethodAccessorImpl.invoke0(Native Method) ~[na:1.8.0_171]
	at sun.reflect.NativeMethodAccessorImpl.invoke(NativeMethodAccessorImpl.java:62) ~[na:1.8.0_171]
	at sun.reflect.DelegatingMethodAccessorImpl.invoke(DelegatingMethodAccessorImpl.java:43) ~[na:1.8.0_171]
	at java.lang.reflect.Method.invoke(Method.java:498) ~[na:1.8.0_171]
	at org.gradle.internal.dispatch.ReflectionDispatch.dispatch(ReflectionDispatch.java:35) [gradle-messaging-4.8.1.jar:4.8.1]
	at org.gradle.internal.dispatch.ReflectionDispatch.dispatch(ReflectionDispatch.java:24) [gradle-messaging-4.8.1.jar:4.8.1]
	at org.gradle.internal.remote.internal.hub.MessageHubBackedObjectConnection$DispatchWrapper.dispatch(MessageHubBackedObjectConnection.java:155) [gradle-messaging-4.8.1.jar:4.8.1]
	at org.gradle.internal.remote.internal.hub.MessageHubBackedObjectConnection$DispatchWrapper.dispatch(MessageHubBackedObjectConnection.java:137) [gradle-messaging-4.8.1.jar:4.8.1]
	at org.gradle.internal.remote.internal.hub.MessageHub$Handler.run(MessageHub.java:404) [gradle-messaging-4.8.1.jar:4.8.1]
	at org.gradle.internal.concurrent.ExecutorPolicy$CatchAndRecordFailures.onExecute(ExecutorPolicy.java:63) [gradle-base-services-4.8.1.jar:4.8.1]
	at org.gradle.internal.concurrent.ManagedExecutorImpl$1.run(ManagedExecutorImpl.java:46) [gradle-base-services-4.8.1.jar:4.8.1]
	at java.util.concurrent.ThreadPoolExecutor.runWorker(ThreadPoolExecutor.java:1149) [na:1.8.0_171]
	at java.util.concurrent.ThreadPoolExecutor$Worker.run(ThreadPoolExecutor.java:624) [na:1.8.0_171]
	at org.gradle.internal.concurrent.ThreadFactoryImpl$ManagedThreadRunnable.run(ThreadFactoryImpl.java:55) [gradle-base-services-4.8.1.jar:4.8.1]
	at java.lang.Thread.run(Thread.java:748) [na:1.8.0_171]


MockHttpServletRequest:
      HTTP Method = PATCH
      Request URI = /orders/1
       Parameters = {}
          Headers = {Content-Type=[application/json], Accept=[application/json]}
             Body = <no character encoding set>
    Session Attrs = {}

Handler:
             Type = com.kakaoix.store.order.OrderController
           Method = public void com.kakaoix.store.order.OrderController.cancel(java.lang.Long)

Async:
    Async started = false
     Async result = null

Resolved Exception:
             Type = com.kakaoix.store.order.exception.OrderAlreadyCancelException

ModelAndView:
        View name = null
             View = null
            Model = null

FlashMap:
       Attributes = null

MockHttpServletResponse:
           Status = 409
    Error message = null
          Headers = {Content-Type=[application/json;charset=UTF-8]}
     Content type = application/json;charset=UTF-8
             Body = {"code":"ORDER_ALREADY_CANCEL","message":"해당 주문번호[1]는 이미 취소되었습니다.","fieldErrors":null}
    Forwarded URL = null
   Redirected URL = null
          Cookies = []
2018-09-02 20:00:32.901  INFO 27909 --- [    Test worker] o.s.t.c.transaction.TransactionContext   : Rolled back transaction for test: [DefaultTestContext@5b482b47 testClass = OrderControllerTest, testInstance = com.kakaoix.store.order.OrderControllerTest@3e9269ad, testMethod = 취소된_주문건_취소요청@OrderControllerTest, testException = [null], mergedContextConfiguration = [WebMergedContextConfiguration@70f6db46 testClass = OrderControllerTest, locations = '{}', classes = '{class com.kakaoix.store.IxOrderApplication}', contextInitializerClasses = '[]', activeProfiles = '{}', propertySourceLocations = '{}', propertySourceProperties = '{org.springframework.boot.test.context.SpringBootTestContextBootstrapper=true}', contextCustomizers = set[org.springframework.boot.test.autoconfigure.properties.PropertyMappingContextCustomizer@0, org.springframework.boot.test.autoconfigure.web.servlet.WebDriverContextCustomizerFactory$Customizer@78ef17aa, org.springframework.boot.test.context.filter.ExcludeFilterContextCustomizer@dafe75c, org.springframework.boot.test.json.DuplicateJsonObjectContextCustomizerFactory$DuplicateJsonObjectContextCustomizer@1c4e9ddb, org.springframework.boot.test.mock.mockito.MockitoContextCustomizer@0, org.springframework.boot.test.web.client.TestRestTemplateContextCustomizer@60ae10dc], resourceBasePath = 'src/main/webapp', contextLoader = 'org.springframework.boot.test.context.SpringBootContextLoader', parent = [null]], attributes = map['org.springframework.test.context.web.ServletTestExecutionListener.activateListener' -> true, 'org.springframework.test.context.web.ServletTestExecutionListener.populatedRequestContextHolder' -> true, 'org.springframework.test.context.web.ServletTestExecutionListener.resetRequestContextHolder' -> true]]
2018-09-02 20:00:32.902  INFO 27909 --- [    Test worker] o.s.t.c.transaction.TransactionContext   : Began transaction (1) for test context [DefaultTestContext@5b482b47 testClass = OrderControllerTest, testInstance = com.kakaoix.store.order.OrderControllerTest@6cb617ba, testMethod = 주문요청@OrderControllerTest, testException = [null], mergedContextConfiguration = [WebMergedContextConfiguration@70f6db46 testClass = OrderControllerTest, locations = '{}', classes = '{class com.kakaoix.store.IxOrderApplication}', contextInitializerClasses = '[]', activeProfiles = '{}', propertySourceLocations = '{}', propertySourceProperties = '{org.springframework.boot.test.context.SpringBootTestContextBootstrapper=true}', contextCustomizers = set[org.springframework.boot.test.autoconfigure.properties.PropertyMappingContextCustomizer@0, org.springframework.boot.test.autoconfigure.web.servlet.WebDriverContextCustomizerFactory$Customizer@78ef17aa, org.springframework.boot.test.context.filter.ExcludeFilterContextCustomizer@dafe75c, org.springframework.boot.test.json.DuplicateJsonObjectContextCustomizerFactory$DuplicateJsonObjectContextCustomizer@1c4e9ddb, org.springframework.boot.test.mock.mockito.MockitoContextCustomizer@0, org.springframework.boot.test.web.client.TestRestTemplateContextCustomizer@60ae10dc], resourceBasePath = 'src/main/webapp', contextLoader = 'org.springframework.boot.test.context.SpringBootContextLoader', parent = [null]], attributes = map['org.springframework.test.context.web.ServletTestExecutionListener.activateListener' -> true, 'org.springframework.test.context.web.ServletTestExecutionListener.populatedRequestContextHolder' -> true, 'org.springframework.test.context.web.ServletTestExecutionListener.resetRequestContextHolder' -> true]]; transaction manager [org.springframework.orm.jpa.JpaTransactionManager@367994a9]; rollback [true]
2018-09-02 20:00:32.903  INFO 27909 --- [    Test worker] o.s.b.t.m.w.SpringBootMockServletContext : Initializing Spring FrameworkServlet ''
2018-09-02 20:00:32.903  INFO 27909 --- [    Test worker] o.s.t.web.servlet.TestDispatcherServlet  : FrameworkServlet '': initialization started
2018-09-02 20:00:32.907  INFO 27909 --- [    Test worker] o.s.t.web.servlet.TestDispatcherServlet  : FrameworkServlet '': initialization completed in 4 ms
Hibernate: select member0_.member_id as member_i1_0_0_, member0_.created_at as created_2_0_0_, member0_.email as email3_0_0_, member0_.joined as joined4_0_0_, member0_.nick_name as nick_nam5_0_0_, member0_.password_failed_count as password6_0_0_, member0_.password as password7_0_0_, member0_.update_at as update_a8_0_0_ from member member0_ where member0_.member_id=?
Hibernate: select product0_.prod_id as prod_id1_3_0_, product0_.created_at as created_2_3_0_, product0_.prod_image as prod_ima3_3_0_, product0_.prod_name as prod_nam4_3_0_, product0_.prod_price as prod_pri5_3_0_, product0_.prod_stock as prod_sto6_3_0_, product0_.update_at as update_a7_3_0_ from product product0_ where product0_.prod_id=?
TokenDto.Response(memberId=1, email=gabriel870214@gmail.com, value=eyJhbGciOiJIUzUxMiJ9.eyJzdWIiOiJnYWJyaWVsODcwMjE0QGdtYWlsLmNvbSIsIm1lbWJlcklkIjoxfQ.-naYGZFBk2jfy3Eg5h5LBGf8VejWsDkZraMb31mwzTezBsr_mB7_Oque17cMIxPkLSrOqg0kdVg7Fepcggcf4g)
Hibernate: insert into orders (order_id, address1, address2, zip, buyer, cancel_date, created_at, member_id, order_date, order_status, update_at) values (null, ?, ?, ?, ?, ?, ?, ?, ?, ?, ?)
Hibernate: insert into order_line (order_line_id, order_id, prod_name, prod_price, quantity) values (null, ?, ?, ?, ?)

MockHttpServletRequest:
      HTTP Method = POST
      Request URI = /orders
       Parameters = {}
          Headers = {Content-Type=[application/json], Accept=[application/json], token=[eyJhbGciOiJIUzUxMiJ9.eyJzdWIiOiJnYWJyaWVsODcwMjE0QGdtYWlsLmNvbSIsIm1lbWJlcklkIjoxfQ.-naYGZFBk2jfy3Eg5h5LBGf8VejWsDkZraMb31mwzTezBsr_mB7_Oque17cMIxPkLSrOqg0kdVg7Fepcggcf4g]}
             Body = <no character encoding set>
    Session Attrs = {}

Handler:
             Type = com.kakaoix.store.order.OrderController
           Method = public void com.kakaoix.store.order.OrderController.orderExecute(java.lang.String,com.kakaoix.store.order.domain.OrderDto$Execute)

Async:
    Async started = false
     Async result = null

Resolved Exception:
             Type = null

ModelAndView:
        View name = null
             View = null
            Model = null

FlashMap:
       Attributes = null

MockHttpServletResponse:
           Status = 201
    Error message = null
          Headers = {}
     Content type = null
             Body = 
    Forwarded URL = null
   Redirected URL = null
          Cookies = []
2018-09-02 20:00:32.928  INFO 27909 --- [    Test worker] o.s.t.c.transaction.TransactionContext   : Rolled back transaction for test: [DefaultTestContext@5b482b47 testClass = OrderControllerTest, testInstance = com.kakaoix.store.order.OrderControllerTest@6cb617ba, testMethod = 주문요청@OrderControllerTest, testException = [null], mergedContextConfiguration = [WebMergedContextConfiguration@70f6db46 testClass = OrderControllerTest, locations = '{}', classes = '{class com.kakaoix.store.IxOrderApplication}', contextInitializerClasses = '[]', activeProfiles = '{}', propertySourceLocations = '{}', propertySourceProperties = '{org.springframework.boot.test.context.SpringBootTestContextBootstrapper=true}', contextCustomizers = set[org.springframework.boot.test.autoconfigure.properties.PropertyMappingContextCustomizer@0, org.springframework.boot.test.autoconfigure.web.servlet.WebDriverContextCustomizerFactory$Customizer@78ef17aa, org.springframework.boot.test.context.filter.ExcludeFilterContextCustomizer@dafe75c, org.springframework.boot.test.json.DuplicateJsonObjectContextCustomizerFactory$DuplicateJsonObjectContextCustomizer@1c4e9ddb, org.springframework.boot.test.mock.mockito.MockitoContextCustomizer@0, org.springframework.boot.test.web.client.TestRestTemplateContextCustomizer@60ae10dc], resourceBasePath = 'src/main/webapp', contextLoader = 'org.springframework.boot.test.context.SpringBootContextLoader', parent = [null]], attributes = map['org.springframework.test.context.web.ServletTestExecutionListener.activateListener' -> true, 'org.springframework.test.context.web.ServletTestExecutionListener.populatedRequestContextHolder' -> true, 'org.springframework.test.context.web.ServletTestExecutionListener.resetRequestContextHolder' -> true]]
2018-09-02 20:00:32.930  INFO 27909 --- [    Test worker] o.s.t.c.transaction.TransactionContext   : Began transaction (1) for test context [DefaultTestContext@5b482b47 testClass = OrderControllerTest, testInstance = com.kakaoix.store.order.OrderControllerTest@6b7f54bb, testMethod = 취소요청@OrderControllerTest, testException = [null], mergedContextConfiguration = [WebMergedContextConfiguration@70f6db46 testClass = OrderControllerTest, locations = '{}', classes = '{class com.kakaoix.store.IxOrderApplication}', contextInitializerClasses = '[]', activeProfiles = '{}', propertySourceLocations = '{}', propertySourceProperties = '{org.springframework.boot.test.context.SpringBootTestContextBootstrapper=true}', contextCustomizers = set[org.springframework.boot.test.autoconfigure.properties.PropertyMappingContextCustomizer@0, org.springframework.boot.test.autoconfigure.web.servlet.WebDriverContextCustomizerFactory$Customizer@78ef17aa, org.springframework.boot.test.context.filter.ExcludeFilterContextCustomizer@dafe75c, org.springframework.boot.test.json.DuplicateJsonObjectContextCustomizerFactory$DuplicateJsonObjectContextCustomizer@1c4e9ddb, org.springframework.boot.test.mock.mockito.MockitoContextCustomizer@0, org.springframework.boot.test.web.client.TestRestTemplateContextCustomizer@60ae10dc], resourceBasePath = 'src/main/webapp', contextLoader = 'org.springframework.boot.test.context.SpringBootContextLoader', parent = [null]], attributes = map['org.springframework.test.context.web.ServletTestExecutionListener.activateListener' -> true, 'org.springframework.test.context.web.ServletTestExecutionListener.populatedRequestContextHolder' -> true, 'org.springframework.test.context.web.ServletTestExecutionListener.resetRequestContextHolder' -> true]]; transaction manager [org.springframework.orm.jpa.JpaTransactionManager@367994a9]; rollback [true]
2018-09-02 20:00:32.931  INFO 27909 --- [    Test worker] o.s.b.t.m.w.SpringBootMockServletContext : Initializing Spring FrameworkServlet ''
2018-09-02 20:00:32.931  INFO 27909 --- [    Test worker] o.s.t.web.servlet.TestDispatcherServlet  : FrameworkServlet '': initialization started
2018-09-02 20:00:32.935  INFO 27909 --- [    Test worker] o.s.t.web.servlet.TestDispatcherServlet  : FrameworkServlet '': initialization completed in 4 ms
Hibernate: select member0_.member_id as member_i1_0_0_, member0_.created_at as created_2_0_0_, member0_.email as email3_0_0_, member0_.joined as joined4_0_0_, member0_.nick_name as nick_nam5_0_0_, member0_.password_failed_count as password6_0_0_, member0_.password as password7_0_0_, member0_.update_at as update_a8_0_0_ from member member0_ where member0_.member_id=?
Hibernate: select order0_.order_id as order_id1_2_0_, order0_.address1 as address2_2_0_, order0_.address2 as address3_2_0_, order0_.zip as zip4_2_0_, order0_.buyer as buyer5_2_0_, order0_.cancel_date as cancel_d6_2_0_, order0_.created_at as created_7_2_0_, order0_.member_id as member_i8_2_0_, order0_.order_date as order_da9_2_0_, order0_.order_status as order_s10_2_0_, order0_.update_at as update_11_2_0_ from orders order0_ where order0_.order_id=?

MockHttpServletRequest:
      HTTP Method = PATCH
      Request URI = /orders/2
       Parameters = {}
          Headers = {Content-Type=[application/json], Accept=[application/json]}
             Body = <no character encoding set>
    Session Attrs = {}

Handler:
             Type = com.kakaoix.store.order.OrderController
           Method = public void com.kakaoix.store.order.OrderController.cancel(java.lang.Long)

Async:
    Async started = false
     Async result = null

Resolved Exception:
             Type = null

ModelAndView:
        View name = null
             View = null
            Model = null

FlashMap:
       Attributes = null

MockHttpServletResponse:
           Status = 204
    Error message = null
          Headers = {}
     Content type = null
             Body = 
    Forwarded URL = null
   Redirected URL = null
          Cookies = []
2018-09-02 20:00:32.944  INFO 27909 --- [    Test worker] o.s.t.c.transaction.TransactionContext   : Rolled back transaction for test: [DefaultTestContext@5b482b47 testClass = OrderControllerTest, testInstance = com.kakaoix.store.order.OrderControllerTest@6b7f54bb, testMethod = 취소요청@OrderControllerTest, testException = [null], mergedContextConfiguration = [WebMergedContextConfiguration@70f6db46 testClass = OrderControllerTest, locations = '{}', classes = '{class com.kakaoix.store.IxOrderApplication}', contextInitializerClasses = '[]', activeProfiles = '{}', propertySourceLocations = '{}', propertySourceProperties = '{org.springframework.boot.test.context.SpringBootTestContextBootstrapper=true}', contextCustomizers = set[org.springframework.boot.test.autoconfigure.properties.PropertyMappingContextCustomizer@0, org.springframework.boot.test.autoconfigure.web.servlet.WebDriverContextCustomizerFactory$Customizer@78ef17aa, org.springframework.boot.test.context.filter.ExcludeFilterContextCustomizer@dafe75c, org.springframework.boot.test.json.DuplicateJsonObjectContextCustomizerFactory$DuplicateJsonObjectContextCustomizer@1c4e9ddb, org.springframework.boot.test.mock.mockito.MockitoContextCustomizer@0, org.springframework.boot.test.web.client.TestRestTemplateContextCustomizer@60ae10dc], resourceBasePath = 'src/main/webapp', contextLoader = 'org.springframework.boot.test.context.SpringBootContextLoader', parent = [null]], attributes = map['org.springframework.test.context.web.ServletTestExecutionListener.activateListener' -> true, 'org.springframework.test.context.web.ServletTestExecutionListener.populatedRequestContextHolder' -> true, 'org.springframework.test.context.web.ServletTestExecutionListener.resetRequestContextHolder' -> true]]
]]></system-out>
  <system-err><![CDATA[]]></system-err>
</testsuite>
